Running in ./
In directory 1
sed: -e expression #1, char 38: unknown option to `s'

/cm/local/apps/slurm/var/spool/job1111774/slurm_script: line 79: 0: command not found
FAILED\n
sed: -e expression #1, char 38: unknown option to `s'

/cm/local/apps/slurm/var/spool/job1111774/slurm_script: line 79: 0: command not found
FAILED\n
sed: -e expression #1, char 38: unknown option to `s'

/cm/local/apps/slurm/var/spool/job1111774/slurm_script: line 79: 0: command not found
FAILED\n
sed: -e expression #1, char 38: unknown option to `s'

/cm/local/apps/slurm/var/spool/job1111774/slurm_script: line 79: 0: command not found
FAILED\n
sed: -e expression #1, char 38: unknown option to `s'

/cm/local/apps/slurm/var/spool/job1111774/slurm_script: line 79: 0: command not found
FAILED\n
sed: -e expression #1, char 38: unknown option to `s'

/cm/local/apps/slurm/var/spool/job1111774/slurm_script: line 79: 0: command not found
FAILED\n
sed: -e expression #1, char 38: unknown option to `s'

/cm/local/apps/slurm/var/spool/job1111774/slurm_script: line 79: 0: command not found
FAILED\n
sed: -e expression #1, char 38: unknown option to `s'

/cm/local/apps/slurm/var/spool/job1111774/slurm_script: line 79: 0: command not found
FAILED\n
sed: -e expression #1, char 38: unknown option to `s'

/cm/local/apps/slurm/var/spool/job1111774/slurm_script: line 79: 0: command not found
FAILED\n
sed: -e expression #1, char 38: unknown option to `s'

/cm/local/apps/slurm/var/spool/job1111774/slurm_script: line 79: 0: command not found
FAILED\n
sed: -e expression #1, char 38: unknown option to `s'

/cm/local/apps/slurm/var/spool/job1111774/slurm_script: line 79: 0: command not found
FAILED\n
sed: -e expression #1, char 38: unknown option to `s'

/cm/local/apps/slurm/var/spool/job1111774/slurm_script: line 79: 0: command not found
FAILED\n
sed: -e expression #1, char 38: unknown option to `s'

/cm/local/apps/slurm/var/spool/job1111774/slurm_script: line 79: 0: command not found
FAILED\n
sed: -e expression #1, char 38: unknown option to `s'

/cm/local/apps/slurm/var/spool/job1111774/slurm_script: line 79: 0: command not found
FAILED\n
sed: -e expression #1, char 38: unknown option to `s'

/cm/local/apps/slurm/var/spool/job1111774/slurm_script: line 79: 0: command not found
FAILED\n
sed: -e expression #1, char 38: unknown option to `s'

/cm/local/apps/slurm/var/spool/job1111774/slurm_script: line 79: 0: command not found
FAILED\n
sed: -e expression #1, char 38: unknown option to `s'

/cm/local/apps/slurm/var/spool/job1111774/slurm_script: line 79: 0: command not found
FAILED\n
sed: -e expression #1, char 38: unknown option to `s'

/cm/local/apps/slurm/var/spool/job1111774/slurm_script: line 79: 0: command not found
FAILED\n
sed: -e expression #1, char 38: unknown option to `s'

/cm/local/apps/slurm/var/spool/job1111774/slurm_script: line 79: 0: command not found
FAILED\n
sed: -e expression #1, char 38: unknown option to `s'

/cm/local/apps/slurm/var/spool/job1111774/slurm_script: line 79: 0: command not found
FAILED\n
sed: -e expression #1, char 38: unknown option to `s'

/cm/local/apps/slurm/var/spool/job1111774/slurm_script: line 79: 0: command not found
FAILED\n
sed: -e expression #1, char 38: unknown option to `s'

/cm/local/apps/slurm/var/spool/job1111774/slurm_script: line 79: 0: command not found
FAILED\n
sed: -e expression #1, char 38: unknown option to `s'

/cm/local/apps/slurm/var/spool/job1111774/slurm_script: line 79: 0: command not found
FAILED\n
sed: -e expression #1, char 38: unknown option to `s'

/cm/local/apps/slurm/var/spool/job1111774/slurm_script: line 79: 0: command not found
FAILED\n
sed: -e expression #1, char 38: unknown option to `s'

/cm/local/apps/slurm/var/spool/job1111774/slurm_script: line 79: 0: command not found
FAILED\n
sed: -e expression #1, char 38: unknown option to `s'

/cm/local/apps/slurm/var/spool/job1111774/slurm_script: line 79: 0: command not found
FAILED\n
sed: -e expression #1, char 38: unknown option to `s'

/cm/local/apps/slurm/var/spool/job1111774/slurm_script: line 79: 0: command not found
FAILED\n
sed: -e expression #1, char 38: unknown option to `s'

/cm/local/apps/slurm/var/spool/job1111774/slurm_script: line 79: 0: command not found
FAILED\n
sed: -e expression #1, char 38: unknown option to `s'

/cm/local/apps/slurm/var/spool/job1111774/slurm_script: line 79: 0: command not found
FAILED\n
sed: -e expression #1, char 38: unknown option to `s'

/cm/local/apps/slurm/var/spool/job1111774/slurm_script: line 79: 0: command not found
FAILED\n
sed: -e expression #1, char 38: unknown option to `s'

/cm/local/apps/slurm/var/spool/job1111774/slurm_script: line 79: 0: command not found
FAILED\n
sed: -e expression #1, char 38: unknown option to `s'

/cm/local/apps/slurm/var/spool/job1111774/slurm_script: line 79: 0: command not found
FAILED\n
